{"numTotalTestSuites":8,"numPassedTestSuites":2,"numFailedTestSuites":6,"numPendingTestSuites":0,"numTotalTests":25,"numPassedTests":5,"numFailedTests":20,"numPendingTests":0,"numTodoTests":0,"snapshot":{"added":0,"failure":false,"filesAdded":0,"filesRemoved":0,"filesRemovedList":[],"filesUnmatched":0,"filesUpdated":0,"matched":0,"total":0,"unchecked":0,"uncheckedKeysByFile":[],"unmatched":0,"updated":0,"didUpdate":false},"startTime":1777227780374,"success":false,"testResults":[{"assertionResults":[{"ancestorTitles":["AssistantBubbleContent"],"fullName":"AssistantBubbleContent groups consecutive successful media render entries into a gallery","status":"failed","title":"groups consecutive successful media render entries into a gallery","duration":3.369666000000052,"failureMessages":["ReferenceError: document is not defined\n    at Proxy.render (/Users/kwilliams/Projects/ordoSite/node_modules/@testing-library/react/dist/pure.js:256:5)\n    at /Users/kwilliams/Projects/ordoSite/src/frameworks/ui/chat/bubbles/AssistantBubble.test.tsx:102:5\n    at file:///Users/kwilliams/Projects/ordoSite/node_modules/@vitest/runner/dist/index.js:145:11\n    at file:///Users/kwilliams/Projects/ordoSite/node_modules/@vitest/runner/dist/index.js:915:26\n    at file:///Users/kwilliams/Projects/ordoSite/node_modules/@vitest/runner/dist/index.js:1243:20\n    at new Promise (<anonymous>)\n    at runWithTimeout (file:///Users/kwilliams/Projects/ordoSite/node_modules/@vitest/runner/dist/index.js:1209:10)\n    at file:///Users/kwilliams/Projects/ordoSite/node_modules/@vitest/runner/dist/index.js:1653:37\n    at Traces.$ (file:///Users/kwilliams/Projects/ordoSite/node_modules/vitest/dist/chunks/traces.CCmnQaNT.js:142:27)\n    at trace (file:///Users/kwilliams/Projects/ordoSite/node_modules/vitest/dist/chunks/test.B8ej_ZHS.js:239:21)"],"meta":{}},{"ancestorTitles":["AssistantBubbleContent"],"fullName":"AssistantBubbleContent keeps a single successful media render entry as a normal card","status":"failed","title":"keeps a single successful media render entry as a normal card","duration":0.4060829999998532,"failureMessages":["ReferenceError: document is not defined\n    at Proxy.render (/Users/kwilliams/Projects/ordoSite/node_modules/@testing-library/react/dist/pure.js:256:5)\n    at /Users/kwilliams/Projects/ordoSite/src/frameworks/ui/chat/bubbles/AssistantBubble.test.tsx:131:5\n    at file:///Users/kwilliams/Projects/ordoSite/node_modules/@vitest/runner/dist/index.js:145:11\n    at file:///Users/kwilliams/Projects/ordoSite/node_modules/@vitest/runner/dist/index.js:915:26\n    at file:///Users/kwilliams/Projects/ordoSite/node_modules/@vitest/runner/dist/index.js:1243:20\n    at new Promise (<anonymous>)\n    at runWithTimeout (file:///Users/kwilliams/Projects/ordoSite/node_modules/@vitest/runner/dist/index.js:1209:10)\n    at file:///Users/kwilliams/Projects/ordoSite/node_modules/@vitest/runner/dist/index.js:1653:37\n    at Traces.$ (file:///Users/kwilliams/Projects/ordoSite/node_modules/vitest/dist/chunks/traces.CCmnQaNT.js:142:27)\n    at trace (file:///Users/kwilliams/Projects/ordoSite/node_modules/vitest/dist/chunks/test.B8ej_ZHS.js:239:21)"],"meta":{}}],"startTime":1777227781938,"endTime":1777227781941.406,"status":"failed","message":"","name":"/Users/kwilliams/Projects/ordoSite/src/frameworks/ui/chat/bubbles/AssistantBubble.test.tsx"},{"assertionResults":[{"ancestorTitles":["MediaRenderCard"],"fullName":"MediaRenderCard renders the title from the envelope summary","status":"failed","title":"renders the title from the envelope summary","duration":3.8102499999999964,"failureMessages":["ReferenceError: document is not defined\n    at render (/Users/kwilliams/Projects/ordoSite/node_modules/@testing-library/react/dist/pure.js:256:5)\n    at /Users/kwilliams/Projects/ordoSite/src/frameworks/ui/chat/plugins/custom/MediaRenderCard.test.tsx:23:5\n    at file:///Users/kwilliams/Projects/ordoSite/node_modules/@vitest/runner/dist/index.js:145:11\n    at file:///Users/kwilliams/Projects/ordoSite/node_modules/@vitest/runner/dist/index.js:915:26\n    at file:///Users/kwilliams/Projects/ordoSite/node_modules/@vitest/runner/dist/index.js:1243:20\n    at new Promise (<anonymous>)\n    at runWithTimeout (file:///Users/kwilliams/Projects/ordoSite/node_modules/@vitest/runner/dist/index.js:1209:10)\n    at file:///Users/kwilliams/Projects/ordoSite/node_modules/@vitest/runner/dist/index.js:1653:37\n    at Traces.$ (file:///Users/kwilliams/Projects/ordoSite/node_modules/vitest/dist/chunks/traces.CCmnQaNT.js:142:27)\n    at trace (file:///Users/kwilliams/Projects/ordoSite/node_modules/vitest/dist/chunks/test.B8ej_ZHS.js:239:21)"],"meta":{}},{"ancestorTitles":["MediaRenderCard"],"fullName":"MediaRenderCard shows WASM route label for browser executionMode","status":"failed","title":"shows WASM route label for browser executionMode","duration":0.37375000000002956,"failureMessages":["ReferenceError: document is not defined\n    at render (/Users/kwilliams/Projects/ordoSite/node_modules/@testing-library/react/dist/pure.js:256:5)\n    at /Users/kwilliams/Projects/ordoSite/src/frameworks/ui/chat/plugins/custom/MediaRenderCard.test.tsx:28:5\n    at file:///Users/kwilliams/Projects/ordoSite/node_modules/@vitest/runner/dist/index.js:145:11\n    at file:///Users/kwilliams/Projects/ordoSite/node_modules/@vitest/runner/dist/index.js:915:26\n    at file:///Users/kwilliams/Projects/ordoSite/node_modules/@vitest/runner/dist/index.js:1243:20\n    at new Promise (<anonymous>)\n    at runWithTimeout (file:///Users/kwilliams/Projects/ordoSite/node_modules/@vitest/runner/dist/index.js:1209:10)\n    at file:///Users/kwilliams/Projects/ordoSite/node_modules/@vitest/runner/dist/index.js:1653:37\n    at Traces.$ (file:///Users/kwilliams/Projects/ordoSite/node_modules/vitest/dist/chunks/traces.CCmnQaNT.js:142:27)\n    at trace (file:///Users/kwilliams/Projects/ordoSite/node_modules/vitest/dist/chunks/test.B8ej_ZHS.js:239:21)"],"meta":{}},{"ancestorTitles":["MediaRenderCard"],"fullName":"MediaRenderCard shows SERVER route label for deferred executionMode","status":"failed","title":"shows SERVER route label for deferred executionMode","duration":0.25141700000000355,"failureMessages":["ReferenceError: document is not defined\n    at render (/Users/kwilliams/Projects/ordoSite/node_modules/@testing-library/react/dist/pure.js:256:5)\n    at /Users/kwilliams/Projects/ordoSite/src/frameworks/ui/chat/plugins/custom/MediaRenderCard.test.tsx:33:5\n    at file:///Users/kwilliams/Projects/ordoSite/node_modules/@vitest/runner/dist/index.js:145:11\n    at file:///Users/kwilliams/Projects/ordoSite/node_modules/@vitest/runner/dist/index.js:915:26\n    at file:///Users/kwilliams/Projects/ordoSite/node_modules/@vitest/runner/dist/index.js:1243:20\n    at new Promise (<anonymous>)\n    at runWithTimeout (file:///Users/kwilliams/Projects/ordoSite/node_modules/@vitest/runner/dist/index.js:1209:10)\n    at file:///Users/kwilliams/Projects/ordoSite/node_modules/@vitest/runner/dist/index.js:1653:37\n    at Traces.$ (file:///Users/kwilliams/Projects/ordoSite/node_modules/vitest/dist/chunks/traces.CCmnQaNT.js:142:27)\n    at trace (file:///Users/kwilliams/Projects/ordoSite/node_modules/vitest/dist/chunks/test.B8ej_ZHS.js:239:21)"],"meta":{}},{"ancestorTitles":["MediaRenderCard"],"fullName":"MediaRenderCard shows HYBRID label for hybrid executionMode","status":"failed","title":"shows HYBRID label for hybrid executionMode","duration":0.22837499999997135,"failureMessages":["ReferenceError: document is not defined\n    at render (/Users/kwilliams/Projects/ordoSite/node_modules/@testing-library/react/dist/pure.js:256:5)\n    at /Users/kwilliams/Projects/ordoSite/src/frameworks/ui/chat/plugins/custom/MediaRenderCard.test.tsx:38:5\n    at file:///Users/kwilliams/Projects/ordoSite/node_modules/@vitest/runner/dist/index.js:145:11\n    at file:///Users/kwilliams/Projects/ordoSite/node_modules/@vitest/runner/dist/index.js:915:26\n    at file:///Users/kwilliams/Projects/ordoSite/node_modules/@vitest/runner/dist/index.js:1243:20\n    at new Promise (<anonymous>)\n    at runWithTimeout (file:///Users/kwilliams/Projects/ordoSite/node_modules/@vitest/runner/dist/index.js:1209:10)\n    at file:///Users/kwilliams/Projects/ordoSite/node_modules/@vitest/runner/dist/index.js:1653:37\n    at Traces.$ (file:///Users/kwilliams/Projects/ordoSite/node_modules/vitest/dist/chunks/traces.CCmnQaNT.js:142:27)\n    at trace (file:///Users/kwilliams/Projects/ordoSite/node_modules/vitest/dist/chunks/test.B8ej_ZHS.js:239:21)"],"meta":{}},{"ancestorTitles":["MediaRenderCard"],"fullName":"MediaRenderCard renders a video element when a video artifact with URI is present","status":"failed","title":"renders a video element when a video artifact with URI is present","duration":0.23283300000002782,"failureMessages":["ReferenceError: document is not defined\n    at render (/Users/kwilliams/Projects/ordoSite/node_modules/@testing-library/react/dist/pure.js:256:5)\n    at /Users/kwilliams/Projects/ordoSite/src/frameworks/ui/chat/plugins/custom/MediaRenderCard.test.tsx:57:5\n    at file:///Users/kwilliams/Projects/ordoSite/node_modules/@vitest/runner/dist/index.js:145:11\n    at file:///Users/kwilliams/Projects/ordoSite/node_modules/@vitest/runner/dist/index.js:915:26\n    at file:///Users/kwilliams/Projects/ordoSite/node_modules/@vitest/runner/dist/index.js:1243:20\n    at new Promise (<anonymous>)\n    at runWithTimeout (file:///Users/kwilliams/Projects/ordoSite/node_modules/@vitest/runner/dist/index.js:1209:10)\n    at file:///Users/kwilliams/Projects/ordoSite/node_modules/@vitest/runner/dist/index.js:1653:37\n    at Traces.$ (file:///Users/kwilliams/Projects/ordoSite/node_modules/vitest/dist/chunks/traces.CCmnQaNT.js:142:27)\n    at trace (file:///Users/kwilliams/Projects/ordoSite/node_modules/vitest/dist/chunks/test.B8ej_ZHS.js:239:21)"],"meta":{}},{"ancestorTitles":["MediaRenderCard"],"fullName":"MediaRenderCard keeps playback controls hidden until the browser reports that the video can play","status":"failed","title":"keeps playback controls hidden until the browser reports that the video can play","duration":0.2780419999999708,"failureMessages":["ReferenceError: document is not defined\n    at render (/Users/kwilliams/Projects/ordoSite/node_modules/@testing-library/react/dist/pure.js:256:5)\n    at /Users/kwilliams/Projects/ordoSite/src/frameworks/ui/chat/plugins/custom/MediaRenderCard.test.tsx:82:5\n    at file:///Users/kwilliams/Projects/ordoSite/node_modules/@vitest/runner/dist/index.js:145:11\n    at file:///Users/kwilliams/Projects/ordoSite/node_modules/@vitest/runner/dist/index.js:915:26\n    at file:///Users/kwilliams/Projects/ordoSite/node_modules/@vitest/runner/dist/index.js:1243:20\n    at new Promise (<anonymous>)\n    at runWithTimeout (file:///Users/kwilliams/Projects/ordoSite/node_modules/@vitest/runner/dist/index.js:1209:10)\n    at file:///Users/kwilliams/Projects/ordoSite/node_modules/@vitest/runner/dist/index.js:1653:37\n    at Traces.$ (file:///Users/kwilliams/Projects/ordoSite/node_modules/vitest/dist/chunks/traces.CCmnQaNT.js:142:27)\n    at trace (file:///Users/kwilliams/Projects/ordoSite/node_modules/vitest/dist/chunks/test.B8ej_ZHS.js:239:21)"],"meta":{}},{"ancestorTitles":["MediaRenderCard"],"fullName":"MediaRenderCard falls back to a 16:9 loading skeleton when dimensions are unavailable","status":"failed","title":"falls back to a 16:9 loading skeleton when dimensions are unavailable","duration":0.2141250000000241,"failureMessages":["ReferenceError: document is not defined\n    at render (/Users/kwilliams/Projects/ordoSite/node_modules/@testing-library/react/dist/pure.js:256:5)\n    at /Users/kwilliams/Projects/ordoSite/src/frameworks/ui/chat/plugins/custom/MediaRenderCard.test.tsx:114:27\n    at file:///Users/kwilliams/Projects/ordoSite/node_modules/@vitest/runner/dist/index.js:145:11\n    at file:///Users/kwilliams/Projects/ordoSite/node_modules/@vitest/runner/dist/index.js:915:26\n    at file:///Users/kwilliams/Projects/ordoSite/node_modules/@vitest/runner/dist/index.js:1243:20\n    at new Promise (<anonymous>)\n    at runWithTimeout (file:///Users/kwilliams/Projects/ordoSite/node_modules/@vitest/runner/dist/index.js:1209:10)\n    at file:///Users/kwilliams/Projects/ordoSite/node_modules/@vitest/runner/dist/index.js:1653:37\n    at Traces.$ (file:///Users/kwilliams/Projects/ordoSite/node_modules/vitest/dist/chunks/traces.CCmnQaNT.js:142:27)\n    at trace (file:///Users/kwilliams/Projects/ordoSite/node_modules/vitest/dist/chunks/test.B8ej_ZHS.js:239:21)"],"meta":{}},{"ancestorTitles":["MediaRenderCard"],"fullName":"MediaRenderCard shows an error fallback when video playback fails to load","status":"failed","title":"shows an error fallback when video playback fails to load","duration":0.20029199999999037,"failureMessages":["ReferenceError: document is not defined\n    at render (/Users/kwilliams/Projects/ordoSite/node_modules/@testing-library/react/dist/pure.js:256:5)\n    at /Users/kwilliams/Projects/ordoSite/src/frameworks/ui/chat/plugins/custom/MediaRenderCard.test.tsx:137:5\n    at file:///Users/kwilliams/Projects/ordoSite/node_modules/@vitest/runner/dist/index.js:145:11\n    at file:///Users/kwilliams/Projects/ordoSite/node_modules/@vitest/runner/dist/index.js:915:26\n    at file:///Users/kwilliams/Projects/ordoSite/node_modules/@vitest/runner/dist/index.js:1243:20\n    at new Promise (<anonymous>)\n    at runWithTimeout (file:///Users/kwilliams/Projects/ordoSite/node_modules/@vitest/runner/dist/index.js:1209:10)\n    at file:///Users/kwilliams/Projects/ordoSite/node_modules/@vitest/runner/dist/index.js:1653:37\n    at Traces.$ (file:///Users/kwilliams/Projects/ordoSite/node_modules/vitest/dist/chunks/traces.CCmnQaNT.js:142:27)\n    at trace (file:///Users/kwilliams/Projects/ordoSite/node_modules/vitest/dist/chunks/test.B8ej_ZHS.js:239:21)"],"meta":{}},{"ancestorTitles":["MediaRenderCard"],"fullName":"MediaRenderCard shows playback controls immediately for persisted video assets that are no longer verifying playback","status":"failed","title":"shows playback controls immediately for persisted video assets that are no longer verifying playback","duration":0.22116599999998243,"failureMessages":["ReferenceError: document is not defined\n    at render (/Users/kwilliams/Projects/ordoSite/node_modules/@testing-library/react/dist/pure.js:256:5)\n    at /Users/kwilliams/Projects/ordoSite/src/frameworks/ui/chat/plugins/custom/MediaRenderCard.test.tsx:165:5\n    at file:///Users/kwilliams/Projects/ordoSite/node_modules/@vitest/runner/dist/index.js:145:11\n    at file:///Users/kwilliams/Projects/ordoSite/node_modules/@vitest/runner/dist/index.js:915:26\n    at file:///Users/kwilliams/Projects/ordoSite/node_modules/@vitest/runner/dist/index.js:1243:20\n    at new Promise (<anonymous>)\n    at runWithTimeout (file:///Users/kwilliams/Projects/ordoSite/node_modules/@vitest/runner/dist/index.js:1209:10)\n    at file:///Users/kwilliams/Projects/ordoSite/node_modules/@vitest/runner/dist/index.js:1653:37\n    at Traces.$ (file:///Users/kwilliams/Projects/ordoSite/node_modules/vitest/dist/chunks/traces.CCmnQaNT.js:142:27)\n    at trace (file:///Users/kwilliams/Projects/ordoSite/node_modules/vitest/dist/chunks/test.B8ej_ZHS.js:239:21)"],"meta":{}},{"ancestorTitles":["MediaRenderCard"],"fullName":"MediaRenderCard renders failure state with status message when statusLine is failed","status":"failed","title":"renders failure state with status message when statusLine is failed","duration":0.225166999999999,"failureMessages":["ReferenceError: document is not defined\n    at render (/Users/kwilliams/Projects/ordoSite/node_modules/@testing-library/react/dist/pure.js:256:5)\n    at /Users/kwilliams/Projects/ordoSite/src/frameworks/ui/chat/plugins/custom/MediaRenderCard.test.tsx:179:5\n    at file:///Users/kwilliams/Projects/ordoSite/node_modules/@vitest/runner/dist/index.js:145:11\n    at file:///Users/kwilliams/Projects/ordoSite/node_modules/@vitest/runner/dist/index.js:915:26\n    at file:///Users/kwilliams/Projects/ordoSite/node_modules/@vitest/runner/dist/index.js:1243:20\n    at new Promise (<anonymous>)\n    at runWithTimeout (file:///Users/kwilliams/Projects/ordoSite/node_modules/@vitest/runner/dist/index.js:1209:10)\n    at file:///Users/kwilliams/Projects/ordoSite/node_modules/@vitest/runner/dist/index.js:1653:37\n    at Traces.$ (file:///Users/kwilliams/Projects/ordoSite/node_modules/vitest/dist/chunks/traces.CCmnQaNT.js:142:27)\n    at trace (file:///Users/kwilliams/Projects/ordoSite/node_modules/vitest/dist/chunks/test.B8ej_ZHS.js:239:21)"],"meta":{}},{"ancestorTitles":["MediaRenderCard"],"fullName":"MediaRenderCard renders honest degraded state with no video when artifacts are absent","status":"failed","title":"renders honest degraded state with no video when artifacts are absent","duration":0.19620899999995345,"failureMessages":["ReferenceError: document is not defined\n    at render (/Users/kwilliams/Projects/ordoSite/node_modules/@testing-library/react/dist/pure.js:256:5)\n    at /Users/kwilliams/Projects/ordoSite/src/frameworks/ui/chat/plugins/custom/MediaRenderCard.test.tsx:187:5\n    at file:///Users/kwilliams/Projects/ordoSite/node_modules/@vitest/runner/dist/index.js:145:11\n    at file:///Users/kwilliams/Projects/ordoSite/node_modules/@vitest/runner/dist/index.js:915:26\n    at file:///Users/kwilliams/Projects/ordoSite/node_modules/@vitest/runner/dist/index.js:1243:20\n    at new Promise (<anonymous>)\n    at runWithTimeout (file:///Users/kwilliams/Projects/ordoSite/node_modules/@vitest/runner/dist/index.js:1209:10)\n    at file:///Users/kwilliams/Projects/ordoSite/node_modules/@vitest/runner/dist/index.js:1653:37\n    at Traces.$ (file:///Users/kwilliams/Projects/ordoSite/node_modules/vitest/dist/chunks/traces.CCmnQaNT.js:142:27)\n    at trace (file:///Users/kwilliams/Projects/ordoSite/node_modules/vitest/dist/chunks/test.B8ej_ZHS.js:239:21)"],"meta":{}},{"ancestorTitles":["MediaRenderCard"],"fullName":"MediaRenderCard renders the same structure for browser-path and server-path envelopes","status":"failed","title":"renders the same structure for browser-path and server-path envelopes","duration":0.17824999999999136,"failureMessages":["ReferenceError: document is not defined\n    at render (/Users/kwilliams/Projects/ordoSite/node_modules/@testing-library/react/dist/pure.js:256:5)\n    at /Users/kwilliams/Projects/ordoSite/src/frameworks/ui/chat/plugins/custom/MediaRenderCard.test.tsx:197:45\n    at file:///Users/kwilliams/Projects/ordoSite/node_modules/@vitest/runner/dist/index.js:145:11\n    at file:///Users/kwilliams/Projects/ordoSite/node_modules/@vitest/runner/dist/index.js:915:26\n    at file:///Users/kwilliams/Projects/ordoSite/node_modules/@vitest/runner/dist/index.js:1243:20\n    at new Promise (<anonymous>)\n    at runWithTimeout (file:///Users/kwilliams/Projects/ordoSite/node_modules/@vitest/runner/dist/index.js:1209:10)\n    at file:///Users/kwilliams/Projects/ordoSite/node_modules/@vitest/runner/dist/index.js:1653:37\n    at Traces.$ (file:///Users/kwilliams/Projects/ordoSite/node_modules/vitest/dist/chunks/traces.CCmnQaNT.js:142:27)\n    at trace (file:///Users/kwilliams/Projects/ordoSite/node_modules/vitest/dist/chunks/test.B8ej_ZHS.js:239:21)"],"meta":{}},{"ancestorTitles":["MediaRenderCard"],"fullName":"MediaRenderCard shows the asset ID footer when a video artifact has an assetId","status":"failed","title":"shows the asset ID footer when a video artifact has an assetId","duration":0.15791600000000017,"failureMessages":["ReferenceError: document is not defined\n    at render (/Users/kwilliams/Projects/ordoSite/node_modules/@testing-library/react/dist/pure.js:256:5)\n    at /Users/kwilliams/Projects/ordoSite/src/frameworks/ui/chat/plugins/custom/MediaRenderCard.test.tsx:218:5\n    at file:///Users/kwilliams/Projects/ordoSite/node_modules/@vitest/runner/dist/index.js:145:11\n    at file:///Users/kwilliams/Projects/ordoSite/node_modules/@vitest/runner/dist/index.js:915:26\n    at file:///Users/kwilliams/Projects/ordoSite/node_modules/@vitest/runner/dist/index.js:1243:20\n    at new Promise (<anonymous>)\n    at runWithTimeout (file:///Users/kwilliams/Projects/ordoSite/node_modules/@vitest/runner/dist/index.js:1209:10)\n    at file:///Users/kwilliams/Projects/ordoSite/node_modules/@vitest/runner/dist/index.js:1653:37\n    at Traces.$ (file:///Users/kwilliams/Projects/ordoSite/node_modules/vitest/dist/chunks/traces.CCmnQaNT.js:142:27)\n    at trace (file:///Users/kwilliams/Projects/ordoSite/node_modules/vitest/dist/chunks/test.B8ej_ZHS.js:239:21)"],"meta":{}},{"ancestorTitles":["MediaRenderCard"],"fullName":"MediaRenderCard uses landscape sizing metadata when the output was explicitly overridden","status":"failed","title":"uses landscape sizing metadata when the output was explicitly overridden","duration":0.183667000000014,"failureMessages":["ReferenceError: document is not defined\n    at render (/Users/kwilliams/Projects/ordoSite/node_modules/@testing-library/react/dist/pure.js:256:5)\n    at /Users/kwilliams/Projects/ordoSite/src/frameworks/ui/chat/plugins/custom/MediaRenderCard.test.tsx:236:5\n    at file:///Users/kwilliams/Projects/ordoSite/node_modules/@vitest/runner/dist/index.js:145:11\n    at file:///Users/kwilliams/Projects/ordoSite/node_modules/@vitest/runner/dist/index.js:915:26\n    at file:///Users/kwilliams/Projects/ordoSite/node_modules/@vitest/runner/dist/index.js:1243:20\n    at new Promise (<anonymous>)\n    at runWithTimeout (file:///Users/kwilliams/Projects/ordoSite/node_modules/@vitest/runner/dist/index.js:1209:10)\n    at file:///Users/kwilliams/Projects/ordoSite/node_modules/@vitest/runner/dist/index.js:1653:37\n    at Traces.$ (file:///Users/kwilliams/Projects/ordoSite/node_modules/vitest/dist/chunks/traces.CCmnQaNT.js:142:27)\n    at trace (file:///Users/kwilliams/Projects/ordoSite/node_modules/vitest/dist/chunks/test.B8ej_ZHS.js:239:21)"],"meta":{}},{"ancestorTitles":["MediaRenderCard"],"fullName":"MediaRenderCard shows a truncation notice when replay diagnostics report clipped content","status":"failed","title":"shows a truncation notice when replay diagnostics report clipped content","duration":0.16175000000004047,"failureMessages":["ReferenceError: document is not defined\n    at render (/Users/kwilliams/Projects/ordoSite/node_modules/@testing-library/react/dist/pure.js:256:5)\n    at /Users/kwilliams/Projects/ordoSite/src/frameworks/ui/chat/plugins/custom/MediaRenderCard.test.tsx:252:5\n    at file:///Users/kwilliams/Projects/ordoSite/node_modules/@vitest/runner/dist/index.js:145:11\n    at file:///Users/kwilliams/Projects/ordoSite/node_modules/@vitest/runner/dist/index.js:915:26\n    at file:///Users/kwilliams/Projects/ordoSite/node_modules/@vitest/runner/dist/index.js:1243:20\n    at new Promise (<anonymous>)\n    at runWithTimeout (file:///Users/kwilliams/Projects/ordoSite/node_modules/@vitest/runner/dist/index.js:1209:10)\n    at file:///Users/kwilliams/Projects/ordoSite/node_modules/@vitest/runner/dist/index.js:1653:37\n    at Traces.$ (file:///Users/kwilliams/Projects/ordoSite/node_modules/vitest/dist/chunks/traces.CCmnQaNT.js:142:27)\n    at trace (file:///Users/kwilliams/Projects/ordoSite/node_modules/vitest/dist/chunks/test.B8ej_ZHS.js:239:21)"],"meta":{}}],"startTime":1777227780811,"endTime":1777227780818.1619,"status":"failed","message":"","name":"/Users/kwilliams/Projects/ordoSite/src/frameworks/ui/chat/plugins/custom/MediaRenderCard.test.tsx"},{"assertionResults":[{"ancestorTitles":["CapabilityErrorCard"],"fullName":"CapabilityErrorCard renders unresolved asset references as a bulleted list","status":"passed","title":"renders unresolved asset references as a bulleted list","duration":33.38850000000002,"failureMessages":[],"meta":{}},{"ancestorTitles":["CapabilityErrorCard"],"fullName":"CapabilityErrorCard truncates long unresolved asset lists behind a disclosure","status":"passed","title":"truncates long unresolved asset lists behind a disclosure","duration":9.974333999999999,"failureMessages":[],"meta":{}},{"ancestorTitles":["CapabilityErrorCard"],"fullName":"CapabilityErrorCard renders a browser capacity notice for runtime saturation","status":"passed","title":"renders a browser capacity notice for runtime saturation","duration":3.2120409999999993,"failureMessages":[],"meta":{}},{"ancestorTitles":["CapabilityErrorCard"],"fullName":"CapabilityErrorCard renders ffmpeg failures with a collapsible stderr section","status":"passed","title":"renders ffmpeg failures with a collapsible stderr section","duration":3.099458000000027,"failureMessages":[],"meta":{}},{"ancestorTitles":["CapabilityErrorCard"],"fullName":"CapabilityErrorCard preserves unknown errors as plain text","status":"passed","title":"preserves unknown errors as plain text","duration":2.180458000000044,"failureMessages":[],"meta":{}}],"startTime":1777227781339,"endTime":1777227781391.1804,"status":"passed","message":"","name":"/Users/kwilliams/Projects/ordoSite/src/frameworks/ui/chat/plugins/system/CapabilityErrorCard.test.tsx"},{"assertionResults":[{"ancestorTitles":["system card family"],"fullName":"system card family renders the shared system job shell for running transcript parts","status":"failed","title":"renders the shared system job shell for running transcript parts","duration":106.29608299999995,"failureMessages":["Error: Invalid Chai property: toHaveAttribute\n    at Object.proxyGetter [as get] (file:///Users/kwilliams/Projects/ordoSite/node_modules/chai/index.js:1653:17)\n    at /Users/kwilliams/Projects/ordoSite/src/frameworks/ui/chat/plugins/system/system-card-family.test.tsx:86:16\n    at file:///Users/kwilliams/Projects/ordoSite/node_modules/@vitest/runner/dist/index.js:145:11\n    at file:///Users/kwilliams/Projects/ordoSite/node_modules/@vitest/runner/dist/index.js:915:26\n    at file:///Users/kwilliams/Projects/ordoSite/node_modules/@vitest/runner/dist/index.js:1243:20\n    at new Promise (<anonymous>)\n    at runWithTimeout (file:///Users/kwilliams/Projects/ordoSite/node_modules/@vitest/runner/dist/index.js:1209:10)\n    at file:///Users/kwilliams/Projects/ordoSite/node_modules/@vitest/runner/dist/index.js:1653:37\n    at Traces.$ (file:///Users/kwilliams/Projects/ordoSite/node_modules/vitest/dist/chunks/traces.CCmnQaNT.js:142:27)\n    at trace (file:///Users/kwilliams/Projects/ordoSite/node_modules/vitest/dist/chunks/test.B8ej_ZHS.js:239:21)"],"meta":{}},{"ancestorTitles":["system card family"],"fullName":"system card family keeps the error adapter on the shared alert shell","status":"failed","title":"keeps the error adapter on the shared alert shell","duration":8.39729199999988,"failureMessages":["Error: Invalid Chai property: toHaveAttribute\n    at Object.proxyGetter [as get] (file:///Users/kwilliams/Projects/ordoSite/node_modules/chai/index.js:1653:17)\n    at /Users/kwilliams/Projects/ordoSite/src/frameworks/ui/chat/plugins/system/system-card-family.test.tsx:139:17\n    at file:///Users/kwilliams/Projects/ordoSite/node_modules/@vitest/runner/dist/index.js:145:11\n    at file:///Users/kwilliams/Projects/ordoSite/node_modules/@vitest/runner/dist/index.js:915:26\n    at file:///Users/kwilliams/Projects/ordoSite/node_modules/@vitest/runner/dist/index.js:1243:20\n    at new Promise (<anonymous>)\n    at runWithTimeout (file:///Users/kwilliams/Projects/ordoSite/node_modules/@vitest/runner/dist/index.js:1209:10)\n    at file:///Users/kwilliams/Projects/ordoSite/node_modules/@vitest/runner/dist/index.js:1653:37\n    at Traces.$ (file:///Users/kwilliams/Projects/ordoSite/node_modules/vitest/dist/chunks/traces.CCmnQaNT.js:142:27)\n    at trace (file:///Users/kwilliams/Projects/ordoSite/node_modules/vitest/dist/chunks/test.B8ej_ZHS.js:239:21)"],"meta":{}},{"ancestorTitles":["system card family"],"fullName":"system card family keeps the progress bubble presentational and drawer payload-first","status":"failed","title":"keeps the progress bubble presentational and drawer payload-first","duration":8.95049999999992,"failureMessages":["Error: Invalid Chai property: toHaveAttribute\n    at Object.proxyGetter [as get] (file:///Users/kwilliams/Projects/ordoSite/node_modules/chai/index.js:1653:17)\n    at /Users/kwilliams/Projects/ordoSite/src/frameworks/ui/chat/plugins/system/system-card-family.test.tsx:170:92\n    at file:///Users/kwilliams/Projects/ordoSite/node_modules/@vitest/runner/dist/index.js:145:11\n    at file:///Users/kwilliams/Projects/ordoSite/node_modules/@vitest/runner/dist/index.js:915:26\n    at file:///Users/kwilliams/Projects/ordoSite/node_modules/@vitest/runner/dist/index.js:1243:20\n    at new Promise (<anonymous>)\n    at runWithTimeout (file:///Users/kwilliams/Projects/ordoSite/node_modules/@vitest/runner/dist/index.js:1209:10)\n    at file:///Users/kwilliams/Projects/ordoSite/node_modules/@vitest/runner/dist/index.js:1653:37\n    at Traces.$ (file:///Users/kwilliams/Projects/ordoSite/node_modules/vitest/dist/chunks/traces.CCmnQaNT.js:142:27)\n    at trace (file:///Users/kwilliams/Projects/ordoSite/node_modules/vitest/dist/chunks/test.B8ej_ZHS.js:239:21)"],"meta":{}}],"startTime":1777227781490,"endTime":1777227781613.9504,"status":"failed","message":"","name":"/Users/kwilliams/Projects/ordoSite/src/frameworks/ui/chat/plugins/system/system-card-family.test.tsx"}]}